Started by user [8mha:////4B19DQygU7belKPsM8y5UZw+sfIRHaPb2s6MvIIHkQHlAAAAlh+LCAAAAAAAAP9b85aBtbiIQTGjNKU4P08vOT+vOD8nVc83PyU1x6OyILUoJzMv2y+/JJUBAhiZGBgqihhk0NSjKDWzXb3RdlLBUSYGJk8GtpzUvPSSDB8G5tKinBIGIZ+sxLJE/ZzEvHT94JKizLx0a6BxUmjGOUNodHsLgAzOEgYu/dLi1CL9vNKcHACFIKlWvwAAAA==[0manonymous
Building in workspace /var/jenkins_home/workspace/lolek
 > git rev-parse --is-inside-work-tree # timeout=10
Fetching changes from the remote Git repository
 > git config remote.origin.url https://github.com/OlegK57/lolek.git # timeout=10
Fetching upstream changes from https://github.com/OlegK57/lolek.git
 > git --version # timeout=10
 > git fetch --tags --progress https://github.com/OlegK57/lolek.git +refs/heads/*:refs/remotes/origin/*
 > git rev-parse refs/remotes/origin/master^{commit} # timeout=10
 > git rev-parse refs/remotes/origin/origin/master^{commit} # timeout=10
Checking out Revision d62834818cbb460fe0f2af8bec8e18bfe51275c1 (refs/remotes/origin/master)
 > git config core.sparsecheckout # timeout=10
 > git checkout -f d62834818cbb460fe0f2af8bec8e18bfe51275c1
 > git rev-list d62834818cbb460fe0f2af8bec8e18bfe51275c1 # timeout=10
[lolek] $ /bin/sh -xe /tmp/hudson3799602895656472214.sh
+ date +%Y%m%d%H%M%S
+ STAMP_TD=20170212125329
+ echo 6-20170212125329
ERROR: Build step failed with exception
[8mha:////4DAt7t2SmsinyR4zJrdYGhbkI0SyRTMmHJS5U6uRKQ35AAAAWB+LCAAAAAAAAP9b85aBtbiIQSmjNKU4P08vOT+vOD8nVc8DzHWtSE4tKMnMz/PLL0ldFVf2c+b/lb5MDAwVRQxSaBqcITRIIQMEMIIUFgAAckCEiWAAAAA=[0mjava.lang.RuntimeException: Could not find the cloud this project was built on
	at com.nirima.jenkins.plugins.docker.builder.DockerBuilderPublisher.getCloud(DockerBuilderPublisher.java:148)
	at com.nirima.jenkins.plugins.docker.builder.DockerBuilderPublisher.perform(DockerBuilderPublisher.java:361)
	at hudson.tasks.BuildStepCompatibilityLayer.perform(BuildStepCompatibilityLayer.java:78)
	at hudson.tasks.BuildStepMonitor$1.perform(BuildStepMonitor.java:20)
	at hudson.model.AbstractBuild$AbstractBuildExecution.perform(AbstractBuild.java:779)
	at hudson.model.Build$BuildExecution.build(Build.java:205)
	at hudson.model.Build$BuildExecution.doRun(Build.java:162)
	at hudson.model.AbstractBuild$AbstractBuildExecution.run(AbstractBuild.java:534)
	at hudson.model.Run.execute(Run.java:1728)
	at hudson.model.FreeStyleBuild.run(FreeStyleBuild.java:43)
	at hudson.model.ResourceController.execute(ResourceController.java:98)
	at hudson.model.Executor.run(Executor.java:404)
Build step 'Build / Publish Docker Containers' marked build as failure
Finished: FAILURE
